

Version:	3.10
CmdLine:	D:\samuelgonzalez\PROYECTOS\inventario\proyecto\Inventario2017\app.exe --l4j-debug
WOW64:		yes
Working dir:	D:\samuelgonzalez\PROYECTOS\inventario\proyecto\Inventario2017\.
Java min ver:	
Java max ver:	
Bundled JRE:	C:\Program Files\Java\jre1.8.0_131
Check launcher:	C:\Program Files\Java\jre1.8.0_131\bin\javaw.exe (OK)
Launcher:	C:\Program Files\Java\jre1.8.0_131\bin\javaw.exe
Launcher args:	-jar "D:\samuelgonzalez\PROYECTOS\inventario\proyecto\Inventario2017\app.exe"
Args length:	77/32768 chars
Exit code:	0


Version:	3.10
CmdLine:	D:\samuelgonzalez\PROYECTOS\inventario\proyecto\Inventario2017\app.exe --l4j-debug
WOW64:		yes
Working dir:	D:\samuelgonzalez\PROYECTOS\inventario\proyecto\Inventario2017\.
Java min ver:	
Java max ver:	
Bundled JRE:	C:\Program Files\Java\jre1.8.0_131
Check launcher:	C:\Program Files\Java\jre1.8.0_131\bin\javaw.exe (OK)
Launcher:	C:\Program Files\Java\jre1.8.0_131\bin\javaw.exe
Launcher args:	-jar "D:\samuelgonzalez\PROYECTOS\inventario\proyecto\Inventario2017\app.exe"
Args length:	77/32768 chars
Exit code:	0


Version:	3.10
CmdLine:	D:\samuelgonzalez\PROYECTOS\inventario\proyecto\Inventario2017\app.exe --l4j-debug
WOW64:		yes
Working dir:	D:\samuelgonzalez\PROYECTOS\inventario\proyecto\Inventario2017\.
Java min ver:	
Java max ver:	
Bundled JRE:	C:\Program Files\Java\jre1.8.0_131
Check launcher:	C:\Program Files\Java\jre1.8.0_131\bin\javaw.exe (OK)
Launcher:	C:\Program Files\Java\jre1.8.0_131\bin\javaw.exe
Launcher args:	-jar "D:\samuelgonzalez\PROYECTOS\inventario\proyecto\Inventario2017\app.exe"
Args length:	77/32768 chars
Exit code:	0


Version:	3.10
CmdLine:	D:\samuelgonzalez\PROYECTOS\inventario\proyecto\Inventario2017\app.exe --l4j-debug
WOW64:		yes
Working dir:	D:\samuelgonzalez\PROYECTOS\inventario\proyecto\Inventario2017\.
Java min ver:	
Java max ver:	
Bundled JRE:	C:\Program Files\Java\jre1.8.0_131
Check launcher:	C:\Program Files\Java\jre1.8.0_131\bin\javaw.exe (OK)
Launcher:	C:\Program Files\Java\jre1.8.0_131\bin\javaw.exe
Launcher args:	-jar "D:\samuelgonzalez\PROYECTOS\inventario\proyecto\Inventario2017\app.exe"
Args length:	77/32768 chars
Exit code:	0


Version:	3.10
CmdLine:	D:\samuelgonzalez\PROYECTOS\inventario\proyecto\Inventario2017\app.exe --l4j-debug
WOW64:		yes
Working dir:	D:\samuelgonzalez\PROYECTOS\inventario\proyecto\Inventario2017\.
Java min ver:	
Java max ver:	
Bundled JRE:	C:\Program Files\Java\jre1.8.0_131
Check launcher:	C:\Program Files\Java\jre1.8.0_131\bin\javaw.exe (OK)
Launcher:	C:\Program Files\Java\jre1.8.0_131\bin\javaw.exe
Launcher args:	-jar "D:\samuelgonzalez\PROYECTOS\inventario\proyecto\Inventario2017\app.exe"
Args length:	77/32768 chars
Exit code:	0


Version:	3.10
CmdLine:	D:\samuelgonzalez\PROYECTOS\inventario\proyecto\Inventario2017\app.exe --l4j-debug
WOW64:		yes
Working dir:	D:\samuelgonzalez\PROYECTOS\inventario\proyecto\Inventario2017\.
Java min ver:	
Java max ver:	
Bundled JRE:	C:\Program Files\Java\jre1.8.0_131
Check launcher:	C:\Program Files\Java\jre1.8.0_131\bin\javaw.exe (OK)
Launcher:	C:\Program Files\Java\jre1.8.0_131\bin\javaw.exe
Launcher args:	-jar "D:\samuelgonzalez\PROYECTOS\inventario\proyecto\Inventario2017\app.exe"
Args length:	77/32768 chars
Exit code:	0


Version:	3.10
CmdLine:	D:\samuelgonzalez\PROYECTOS\inventario\proyecto\Inventario2017\app.exe --l4j-debug
WOW64:		yes
Working dir:	D:\samuelgonzalez\PROYECTOS\inventario\proyecto\Inventario2017\.
Java min ver:	
Java max ver:	
Bundled JRE:	C:\Program Files\Java\jre1.8.0_131
Check launcher:	C:\Program Files\Java\jre1.8.0_131\bin\javaw.exe (OK)
Launcher:	C:\Program Files\Java\jre1.8.0_131\bin\javaw.exe
Launcher args:	-jar "D:\samuelgonzalez\PROYECTOS\inventario\proyecto\Inventario2017\app.exe"
Args length:	77/32768 chars
Exit code:	0
